<?xml version="1.0" encoding="UTF-8"?>
<testng-results ignored="0" total="4" passed="2" failed="2" skipped="0">
  <reporter-output>
    <line>
      <![CDATA[<a href= "C:\Users\lyndo\Practical\DerivMobileAppAutomation\src\test\resources\screenshot\Success-Fri_Dec_29_23_56_22_GST_2023.png">Test Result </a>]]>
    </line>
    <line>
      <![CDATA[<a href= "C:\Users\lyndo\Practical\DerivMobileAppAutomation\src\test\resources\screenshot\Success-Fri_Dec_29_23_56_22_GST_2023.png">Test Result </a>]]>
    </line>
    <line>
      <![CDATA[<a href= "C:\Users\lyndo\Practical\DerivMobileAppAutomation\src\test\resources\screenshot\Success-Fri_Dec_29_23_56_22_GST_2023.png">Test Result </a>]]>
    </line>
    <line>
      <![CDATA[<a href= "C:\Users\lyndo\Practical\DerivMobileAppAutomation\src\test\resources\screenshot\Success-Fri_Dec_29_23_56_22_GST_2023.png">Test Result </a>]]>
    </line>
  </reporter-output>
  <suite started-at="2024-01-01T12:17:26 GST" name="All Test Suite" finished-at="2024-01-01T12:17:47 GST" duration-ms="21038">
    <groups>
    </groups>
    <test started-at="2024-01-01T12:17:26 GST" name="C:/Users/lyndo/Practical/DerivMobileAppAutomation" finished-at="2024-01-01T12:17:47 GST" duration-ms="21038">
      <class name="testcases.MultiplicationTest">
        <test-method signature="multiplicationTest()[pri:0, instance:testcases.MultiplicationTest@7b227d8d]" started-at="2024-01-01T12:17:38 GST" name="multiplicationTest" finished-at="2024-01-01T12:17:43 GST" duration-ms="4387" status="FAIL">
          <exception class="java.lang.AssertionError">
            <message>
              <![CDATA[expected [672] but found [2592]]]>
            </message>
            <full-stacktrace>
              <![CDATA[java.lang.AssertionError: expected [672] but found [2592]
at org.testng.Assert.fail(Assert.java:111)
at org.testng.Assert.failNotEquals(Assert.java:1578)
at org.testng.Assert.assertEqualsImpl(Assert.java:150)
at org.testng.Assert.assertEquals(Assert.java:132)
at org.testng.Assert.assertEquals(Assert.java:656)
at org.testng.Assert.assertEquals(Assert.java:666)
at testcases.MultiplicationTest.multiplicationTest(MultiplicationTest.java:52)
at java.base/jdk.internal.reflect.NativeMethodAccessorImpl.invoke0(Native Method)
at java.base/jdk.internal.reflect.NativeMethodAccessorImpl.invoke(NativeMethodAccessorImpl.java:77)
at java.base/jdk.internal.reflect.DelegatingMethodAccessorImpl.invoke(DelegatingMethodAccessorImpl.java:43)
at java.base/java.lang.reflect.Method.invoke(Method.java:568)
at org.testng.internal.invokers.MethodInvocationHelper.invokeMethod(MethodInvocationHelper.java:139)
at org.testng.internal.invokers.TestInvoker.invokeMethod(TestInvoker.java:664)
at org.testng.internal.invokers.TestInvoker.invokeTestMethod(TestInvoker.java:228)
at org.testng.internal.invokers.MethodRunner.runInSequence(MethodRunner.java:63)
at org.testng.internal.invokers.TestInvoker$MethodInvocationAgent.invoke(TestInvoker.java:961)
at org.testng.internal.invokers.TestInvoker.invokeTestMethods(TestInvoker.java:201)
at org.testng.internal.invokers.TestMethodWorker.invokeTestMethods(TestMethodWorker.java:148)
at org.testng.internal.invokers.TestMethodWorker.run(TestMethodWorker.java:128)
at java.base/java.util.ArrayList.forEach(ArrayList.java:1511)
at org.testng.TestRunner.privateRun(TestRunner.java:819)
at org.testng.TestRunner.run(TestRunner.java:619)
at org.testng.SuiteRunner.runTest(SuiteRunner.java:443)
at org.testng.SuiteRunner.runSequentially(SuiteRunner.java:437)
at org.testng.SuiteRunner.privateRun(SuiteRunner.java:397)
at org.testng.SuiteRunner.run(SuiteRunner.java:336)
at org.testng.SuiteRunnerWorker.runSuite(SuiteRunnerWorker.java:52)
at org.testng.SuiteRunnerWorker.run(SuiteRunnerWorker.java:95)
at org.testng.TestNG.runSuitesSequentially(TestNG.java:1301)
at org.testng.TestNG.runSuitesLocally(TestNG.java:1228)
at org.testng.TestNG.runSuites(TestNG.java:1134)
at org.testng.TestNG.run(TestNG.java:1101)
at com.intellij.rt.testng.IDEARemoteTestNG.run(IDEARemoteTestNG.java:66)
at com.intellij.rt.testng.RemoteTestNGStarter.main(RemoteTestNGStarter.java:109)
]]>
            </full-stacktrace>
          </exception> <!-- java.lang.AssertionError -->
          <reporter-output>
            <line>
              <![CDATA[<a href= "C:\Users\lyndo\Practical\DerivMobileAppAutomation\src\test\resources\screenshot\Success-Fri_Dec_29_23_56_22_GST_2023.png">Test Result </a>]]>
            </line>
          </reporter-output>
        </test-method> <!-- multiplicationTest -->
      </class> <!-- testcases.MultiplicationTest -->
      <class name="testcases.AdditionTest">
        <test-method is-config="true" signature="setUp()[pri:0, instance:testcases.AdditionTest@60dcc9fe]" started-at="2024-01-01T12:17:15 GST" name="setUp" finished-at="2024-01-01T12:17:26 GST" duration-ms="11538" status="PASS">
          <reporter-output>
          </reporter-output>
        </test-method> <!-- setUp -->
        <test-method signature="additionTest()[pri:0, instance:testcases.AdditionTest@60dcc9fe]" started-at="2024-01-01T12:17:26 GST" name="additionTest" finished-at="2024-01-01T12:17:31 GST" duration-ms="5205" status="FAIL">
          <exception class="java.lang.AssertionError">
            <message>
              <![CDATA[expected [8] but found [88]]]>
            </message>
            <full-stacktrace>
              <![CDATA[java.lang.AssertionError: expected [8] but found [88]
at org.testng.Assert.fail(Assert.java:111)
at org.testng.Assert.failNotEquals(Assert.java:1578)
at org.testng.Assert.assertEqualsImpl(Assert.java:150)
at org.testng.Assert.assertEquals(Assert.java:132)
at org.testng.Assert.assertEquals(Assert.java:656)
at org.testng.Assert.assertEquals(Assert.java:666)
at testcases.AdditionTest.additionTest(AdditionTest.java:55)
at java.base/jdk.internal.reflect.NativeMethodAccessorImpl.invoke0(Native Method)
at java.base/jdk.internal.reflect.NativeMethodAccessorImpl.invoke(NativeMethodAccessorImpl.java:77)
at java.base/jdk.internal.reflect.DelegatingMethodAccessorImpl.invoke(DelegatingMethodAccessorImpl.java:43)
at java.base/java.lang.reflect.Method.invoke(Method.java:568)
at org.testng.internal.invokers.MethodInvocationHelper.invokeMethod(MethodInvocationHelper.java:139)
at org.testng.internal.invokers.TestInvoker.invokeMethod(TestInvoker.java:664)
at org.testng.internal.invokers.TestInvoker.invokeTestMethod(TestInvoker.java:228)
at org.testng.internal.invokers.MethodRunner.runInSequence(MethodRunner.java:63)
at org.testng.internal.invokers.TestInvoker$MethodInvocationAgent.invoke(TestInvoker.java:961)
at org.testng.internal.invokers.TestInvoker.invokeTestMethods(TestInvoker.java:201)
at org.testng.internal.invokers.TestMethodWorker.invokeTestMethods(TestMethodWorker.java:148)
at org.testng.internal.invokers.TestMethodWorker.run(TestMethodWorker.java:128)
at java.base/java.util.ArrayList.forEach(ArrayList.java:1511)
at org.testng.TestRunner.privateRun(TestRunner.java:819)
at org.testng.TestRunner.run(TestRunner.java:619)
at org.testng.SuiteRunner.runTest(SuiteRunner.java:443)
at org.testng.SuiteRunner.runSequentially(SuiteRunner.java:437)
at org.testng.SuiteRunner.privateRun(SuiteRunner.java:397)
at org.testng.SuiteRunner.run(SuiteRunner.java:336)
at org.testng.SuiteRunnerWorker.runSuite(SuiteRunnerWorker.java:52)
at org.testng.SuiteRunnerWorker.run(SuiteRunnerWorker.java:95)
at org.testng.TestNG.runSuitesSequentially(TestNG.java:1301)
at org.testng.TestNG.runSuitesLocally(TestNG.java:1228)
at org.testng.TestNG.runSuites(TestNG.java:1134)
at org.testng.TestNG.run(TestNG.java:1101)
at com.intellij.rt.testng.IDEARemoteTestNG.run(IDEARemoteTestNG.java:66)
at com.intellij.rt.testng.RemoteTestNGStarter.main(RemoteTestNGStarter.java:109)
]]>
            </full-stacktrace>
          </exception> <!-- java.lang.AssertionError -->
          <reporter-output>
            <line>
              <![CDATA[<a href= "C:\Users\lyndo\Practical\DerivMobileAppAutomation\src\test\resources\screenshot\Success-Fri_Dec_29_23_56_22_GST_2023.png">Test Result </a>]]>
            </line>
          </reporter-output>
        </test-method> <!-- additionTest -->
      </class> <!-- testcases.AdditionTest -->
      <class name="testcases.SubtractionTest">
        <test-method signature="subtractionTest()[pri:0, instance:testcases.SubtractionTest@7219ec67]" started-at="2024-01-01T12:17:43 GST" name="subtractionTest" finished-at="2024-01-01T12:17:47 GST" duration-ms="3631" status="PASS">
          <reporter-output>
            <line>
              <![CDATA[<a href= "C:\Users\lyndo\Practical\DerivMobileAppAutomation\src\test\resources\screenshot\Success-Fri_Dec_29_23_56_22_GST_2023.png">Test Result </a>]]>
            </line>
          </reporter-output>
        </test-method> <!-- subtractionTest -->
      </class> <!-- testcases.SubtractionTest -->
      <class name="testcases.DivisionTest">
        <test-method signature="divisionTest()[pri:0, instance:testcases.DivisionTest@4c1d9d4b]" started-at="2024-01-01T12:17:32 GST" name="divisionTest" finished-at="2024-01-01T12:17:38 GST" duration-ms="5478" status="PASS">
          <reporter-output>
            <line>
              <![CDATA[<a href= "C:\Users\lyndo\Practical\DerivMobileAppAutomation\src\test\resources\screenshot\Success-Fri_Dec_29_23_56_22_GST_2023.png">Test Result </a>]]>
            </line>
          </reporter-output>
        </test-method> <!-- divisionTest -->
      </class> <!-- testcases.DivisionTest -->
    </test> <!-- C:/Users/lyndo/Practical/DerivMobileAppAutomation -->
  </suite> <!-- All Test Suite -->
</testng-results>
